[debug] [2025-09-01T02:00:54.390Z] ----------------------------------------------------------------------
[debug] [2025-09-01T02:00:54.392Z] Command:       /usr/local/bin/node /usr/local/bin/firebase init hosting
[debug] [2025-09-01T02:00:54.392Z] CLI Version:   14.15.1
[debug] [2025-09-01T02:00:54.393Z] Platform:      darwin
[debug] [2025-09-01T02:00:54.393Z] Node Version:  v22.15.0
[debug] [2025-09-01T02:00:54.393Z] Time:          Mon Sep 01 2025 07:30:54 GMT+0530 (India Standard Time)
[debug] [2025-09-01T02:00:54.393Z] ----------------------------------------------------------------------
[debug] 
[debug] [2025-09-01T02:00:54.491Z] > command requires scopes: ["email","openid","https://www.googleapis.com/auth/cloudplatformprojects.readonly","https://www.googleapis.com/auth/firebase","https://www.googleapis.com/auth/cloud-platform"]
[debug] [2025-09-01T02:00:54.491Z] > authorizing via signed-in user (naga2980@gmail.com)
[info] 
     ######## #### ########  ######## ########     ###     ######  ########
     ##        ##  ##     ## ##       ##     ##  ##   ##  ##       ##
     ######    ##  ########  ######   ########  #########  ######  ######
     ##        ##  ##    ##  ##       ##     ## ##     ##       ## ##
     ##       #### ##     ## ######## ########  ##     ##  ######  ########

You're about to initialize a Firebase project in this directory:

  /Users/nagarjuna/webcode

Before we get started, keep in mind:

  * You are initializing within an existing Firebase project directory

[info] 
=== Project Setup
[info] 
[info] First, let's associate this project directory with a Firebase project.
[info] You can create multiple project aliases by running firebase use --add, 
[info] but for now we'll just set up a default project.
[info] 
[debug] [2025-09-01T02:00:54.496Z] Using project from CLI flag: mgcamel-e0b5c
[debug] [2025-09-01T02:00:54.497Z] Checked if tokens are valid: true, expires at: 1756693827171
[debug] [2025-09-01T02:00:54.497Z] Checked if tokens are valid: true, expires at: 1756693827171
[debug] [2025-09-01T02:00:54.498Z] >>> [apiv2][query] GET https://firebase.googleapis.com/v1beta1/projects/mgcamel-e0b5c [none]
[debug] [2025-09-01T02:00:54.971Z] <<< [apiv2][status] GET https://firebase.googleapis.com/v1beta1/projects/mgcamel-e0b5c 200
[debug] [2025-09-01T02:00:54.972Z] <<< [apiv2][body] GET https://firebase.googleapis.com/v1beta1/projects/mgcamel-e0b5c {"projectId":"mgcamel-e0b5c","projectNumber":"1095973055524","displayName":"mgcamel","name":"projects/mgcamel-e0b5c","resources":{"hostingSite":"mgcamel-e0b5c"},"state":"ACTIVE","etag":"1_94ab8d2c-c117-4832-b53e-a46fff236cd2"}
[info] i  Using project mgcamel-e0b5c (mgcamel) 
[info] 
=== Hosting Setup
[debug] [2025-09-01T02:00:54.985Z] Checked if tokens are valid: true, expires at: 1756693827171
[debug] [2025-09-01T02:00:54.985Z] Checked if tokens are valid: true, expires at: 1756693827171
[debug] [2025-09-01T02:00:54.985Z] >>> [apiv2][query] GET https://firebase.googleapis.com/v1beta1/projects/mgcamel-e0b5c [none]
[debug] [2025-09-01T02:00:56.196Z] <<< [apiv2][status] GET https://firebase.googleapis.com/v1beta1/projects/mgcamel-e0b5c 200
[debug] [2025-09-01T02:00:56.197Z] <<< [apiv2][body] GET https://firebase.googleapis.com/v1beta1/projects/mgcamel-e0b5c {"projectId":"mgcamel-e0b5c","projectNumber":"1095973055524","displayName":"mgcamel","name":"projects/mgcamel-e0b5c","resources":{"hostingSite":"mgcamel-e0b5c"},"state":"ACTIVE","etag":"1_94ab8d2c-c117-4832-b53e-a46fff236cd2"}
[info] 
[info] Your public directory is the folder (relative to your project directory) that
[info] will contain Hosting assets to be uploaded with firebase deploy. If you
[info] have a build process for your assets, use your build's output directory.
[info] 
[debug] [2025-09-01T02:06:23.000Z] ExitPromptError: User force closed the prompt with SIGINT
    at Interface.sigint (/usr/local/lib/node_modules/firebase-tools/node_modules/@inquirer/core/dist/commonjs/lib/create-prompt.js:101:37)
    at Interface.emit (node:events:518:28)
    at Interface.emit (node:domain:489:12)
    at [_ttyWrite] [as _ttyWrite] (node:internal/readline/interface:1128:18)
    at ReadStream.onkeypress (node:internal/readline/interface:267:20)
    at ReadStream.emit (node:events:530:35)
    at ReadStream.emit (node:domain:489:12)
    at emitKeys (node:internal/readline/utils:370:14)
    at emitKeys.next (<anonymous>)
    at ReadStream.onData (node:internal/readline/emitKeypressEvents:64:36)
[error] 
[error] Error: An unexpected error has occurred.
